Traceback (most recent call last):
  File "/gpfs01/home/mzxcs8/miniconda3/envs/scRNASeqHannan/lib/python3.13/site-packages/jupyter_core/utils/__init__.py", line 154, in wrapped
    asyncio.get_running_loop()
    ~~~~~~~~~~~~~~~~~~~~~~~~^^
RuntimeError: no running event loop

During handling of the above exception, another exception occurred:

Traceback (most recent call last):
  File "/gpfs01/home/mzxcs8/miniconda3/envs/scRNASeqHannan/lib/python3.13/site-packages/jupyter_cache/executors/utils.py", line 58, in single_nb_execution
    executenb(
    ~~~~~~~~~^
        nb,
        ^^^
    ...<4 lines>...
        **kwargs,
        ^^^^^^^^^
    )
    ^
  File "/gpfs01/home/mzxcs8/miniconda3/envs/scRNASeqHannan/lib/python3.13/site-packages/nbclient/client.py", line 1319, in execute
    return NotebookClient(nb=nb, resources=resources, km=km, **kwargs).execute()
           ~~~~~~~~~~~~~~~~~~~~~~~~~~~~~~~~~~~~~~~~~~~~~~~~~~~~~~~~~~~~~~~~~~~^^
  File "/gpfs01/home/mzxcs8/miniconda3/envs/scRNASeqHannan/lib/python3.13/site-packages/jupyter_core/utils/__init__.py", line 158, in wrapped
    return loop.run_until_complete(inner)
           ~~~~~~~~~~~~~~~~~~~~~~~^^^^^^^
  File "/gpfs01/home/mzxcs8/miniconda3/envs/scRNASeqHannan/lib/python3.13/asyncio/base_events.py", line 725, in run_until_complete
    return future.result()
           ~~~~~~~~~~~~~^^
  File "/gpfs01/home/mzxcs8/miniconda3/envs/scRNASeqHannan/lib/python3.13/site-packages/nbclient/client.py", line 709, in async_execute
    await self.async_execute_cell(
        cell, index, execution_count=self.code_cells_executed + 1
    )
  File "/gpfs01/home/mzxcs8/miniconda3/envs/scRNASeqHannan/lib/python3.13/site-packages/nbclient/client.py", line 1062, in async_execute_cell
    await self._check_raise_for_error(cell, cell_index, exec_reply)
  File "/gpfs01/home/mzxcs8/miniconda3/envs/scRNASeqHannan/lib/python3.13/site-packages/nbclient/client.py", line 918, in _check_raise_for_error
    raise CellExecutionError.from_cell_and_msg(cell, exec_reply_content)
nbclient.exceptions.CellExecutionError: An error occurred while executing the following cell:
------------------
#| remove-cell
import random
import scanpy as sc
import scanpy.external as sce
import anndata as adata
import numpy as np
import pandas as pd
import scipy
import os
import scipy.io as sio
import matplotlib.pyplot as plt
import matplotlib.cm as cm
import matplotlib.colors as mcolors
from matplotlib.colors import Normalize
import seaborn as sns
import gseapy
import scvi
import tempfile
import numba
import pooch
import pynndescent
import torch
import scipy.sparse as sp
import gdown
import gzip
import shutil
import urllib.request
from gprofiler import GProfiler
import celltypist
from celltypist import models
import warnings
import logging
from IPython.display import display, HTML
from sc_plot_and_embed import sc_plot_and_embed
from onedrive_share import onedrive_direct_link 

# Initialize the g:Profiler object
gp = GProfiler(return_dataframe=True)
print(gp.profile)

data_path = '/gpfs01/home/mzxcs8/Extra/Neutrophil LAM Phenotype - Johnson Lab/Analysis_LAM/'
------------------


[31m---------------------------------------------------------------------------[39m
[31mModuleNotFoundError[39m                       Traceback (most recent call last)
[36mCell[39m[36m [39m[32mIn[1][39m[32m, line 34[39m
[32m     32[39m [38;5;28;01mimport[39;00m[38;5;250m [39m[34;01mlogging[39;00m
[32m     33[39m [38;5;28;01mfrom[39;00m[38;5;250m [39m[34;01mIPython[39;00m[34;01m.[39;00m[34;01mdisplay[39;00m[38;5;250m [39m[38;5;28;01mimport[39;00m display, HTML
[32m---> [39m[32m34[39m [38;5;28;01mfrom[39;00m[38;5;250m [39m[34;01msc_plot_and_embed[39;00m[38;5;250m [39m[38;5;28;01mimport[39;00m sc_plot_and_embed
[32m     35[39m [38;5;28;01mfrom[39;00m[38;5;250m [39m[34;01monedrive_share[39;00m[38;5;250m [39m[38;5;28;01mimport[39;00m onedrive_direct_link 
[32m     37[39m [38;5;66;03m# Initialize the g:Profiler object[39;00m

[31mModuleNotFoundError[39m: No module named 'sc_plot_and_embed'

